CRITICAL - 2024-02-23 01:43:42 --> Undefined variable $data
in APPPATH\Modules\Product\Views\index.php on line 3.
 1 APPPATH\Modules\Product\Views\index.php(3): CodeIgniter\Debug\Exceptions->errorHandler(2, 'Undefined variable $data', 'C:\\laragon\\www\\development\\company-profile\\app\\Modules\\Product\\Views\\index.php', 3)
 2 SYSTEMPATH\View\View.php(226): include('C:\\laragon\\www\\development\\company-profile\\app\\Modules\\Product\\Views\\index.php')
 3 SYSTEMPATH\View\View.php(229): CodeIgniter\View\View->CodeIgniter\View\{closure}()
 4 SYSTEMPATH\Common.php(1174): CodeIgniter\View\View->render('App\\Modules\\Product\\Views\\index', [], true)
 5 APPPATH\Modules\Product\Controllers\Product.php(25): view('App\\Modules\\Product\\Views\\index', [...])
 6 SYSTEMPATH\CodeIgniter.php(932): App\Modules\Product\Controllers\Product->index()
 7 SYSTEMPATH\CodeIgniter.php(497): CodeIgniter\CodeIgniter->runController(Object(App\Modules\Product\Controllers\Product))
 8 SYSTEMPATH\CodeIgniter.php(366): CodeIgniter\CodeIgniter->handleRequest(null, Object(Config\Cache), false)
 9 FCPATH\index.php(67): CodeIgniter\CodeIgniter->run()
10 SYSTEMPATH\Commands\Server\rewrite.php(47): require_once('C:\\laragon\\www\\development\\company-profile\\public\\index.php')
CRITICAL - 2024-02-23 01:44:01 --> Undefined variable $data
in APPPATH\Modules\Product\Views\index.php on line 3.
 1 APPPATH\Modules\Product\Views\index.php(3): CodeIgniter\Debug\Exceptions->errorHandler(2, 'Undefined variable $data', 'C:\\laragon\\www\\development\\company-profile\\app\\Modules\\Product\\Views\\index.php', 3)
 2 SYSTEMPATH\View\View.php(226): include('C:\\laragon\\www\\development\\company-profile\\app\\Modules\\Product\\Views\\index.php')
 3 SYSTEMPATH\View\View.php(229): CodeIgniter\View\View->CodeIgniter\View\{closure}()
 4 SYSTEMPATH\Common.php(1174): CodeIgniter\View\View->render('App\\Modules\\Product\\Views\\index', [], true)
 5 APPPATH\Modules\Product\Controllers\Product.php(25): view('App\\Modules\\Product\\Views\\index', [...])
 6 SYSTEMPATH\CodeIgniter.php(932): App\Modules\Product\Controllers\Product->index()
 7 SYSTEMPATH\CodeIgniter.php(497): CodeIgniter\CodeIgniter->runController(Object(App\Modules\Product\Controllers\Product))
 8 SYSTEMPATH\CodeIgniter.php(366): CodeIgniter\CodeIgniter->handleRequest(null, Object(Config\Cache), false)
 9 FCPATH\index.php(67): CodeIgniter\CodeIgniter->run()
10 SYSTEMPATH\Commands\Server\rewrite.php(47): require_once('C:\\laragon\\www\\development\\company-profile\\public\\index.php')
ERROR - 2024-02-23 14:35:36 --> Error connecting to the database: mysqli_sql_exception: No connection could be made because the target machine actively refused it in C:\laragon\www\development\company-profile\system\Database\MySQLi\Connection.php:174
Stack trace:
#0 C:\laragon\www\development\company-profile\system\Database\MySQLi\Connection.php(174): mysqli->real_connect('localhost', 'root', '', 'company_profile', 3306, '', 0)
#1 C:\laragon\www\development\company-profile\system\Database\BaseConnection.php(391): CodeIgniter\Database\MySQLi\Connection->connect(false)
#2 C:\laragon\www\development\company-profile\system\Database\BaseConnection.php(574): CodeIgniter\Database\BaseConnection->initialize()
#3 C:\laragon\www\development\company-profile\system\Database\BaseBuilder.php(1616): CodeIgniter\Database\BaseConnection->query('SELECT *\nFROM `...', Array, false)
#4 C:\laragon\www\development\company-profile\system\Model.php(237): CodeIgniter\Database\BaseBuilder->get()
#5 C:\laragon\www\development\company-profile\system\BaseModel.php(624): CodeIgniter\Model->doFindAll(0, 0)
#6 C:\laragon\www\development\company-profile\app\Modules\Product\Controllers\Product.php(21): CodeIgniter\BaseModel->findAll()
#7 C:\laragon\www\development\company-profile\system\CodeIgniter.php(932): App\Modules\Product\Controllers\Product->index()
#8 C:\laragon\www\development\company-profile\system\CodeIgniter.php(497): CodeIgniter\CodeIgniter->runController(Object(App\Modules\Product\Controllers\Product))
#9 C:\laragon\www\development\company-profile\system\CodeIgniter.php(366): CodeIgniter\CodeIgniter->handleRequest(NULL, Object(Config\Cache), false)
#10 C:\laragon\www\development\company-profile\public\index.php(67): CodeIgniter\CodeIgniter->run()
#11 C:\laragon\www\development\company-profile\system\Commands\Server\rewrite.php(47): require_once('C:\\laragon\\www\\...')
#12 {main}

Next CodeIgniter\Database\Exceptions\DatabaseException: No connection could be made because the target machine actively refused it in C:\laragon\www\development\company-profile\system\Database\MySQLi\Connection.php:218
Stack trace:
#0 C:\laragon\www\development\company-profile\system\Database\BaseConnection.php(391): CodeIgniter\Database\MySQLi\Connection->connect(false)
#1 C:\laragon\www\development\company-profile\system\Database\BaseConnection.php(574): CodeIgniter\Database\BaseConnection->initialize()
#2 C:\laragon\www\development\company-profile\system\Database\BaseBuilder.php(1616): CodeIgniter\Database\BaseConnection->query('SELECT *\nFROM `...', Array, false)
#3 C:\laragon\www\development\company-profile\system\Model.php(237): CodeIgniter\Database\BaseBuilder->get()
#4 C:\laragon\www\development\company-profile\system\BaseModel.php(624): CodeIgniter\Model->doFindAll(0, 0)
#5 C:\laragon\www\development\company-profile\app\Modules\Product\Controllers\Product.php(21): CodeIgniter\BaseModel->findAll()
#6 C:\laragon\www\development\company-profile\system\CodeIgniter.php(932): App\Modules\Product\Controllers\Product->index()
#7 C:\laragon\www\development\company-profile\system\CodeIgniter.php(497): CodeIgniter\CodeIgniter->runController(Object(App\Modules\Product\Controllers\Product))
#8 C:\laragon\www\development\company-profile\system\CodeIgniter.php(366): CodeIgniter\CodeIgniter->handleRequest(NULL, Object(Config\Cache), false)
#9 C:\laragon\www\development\company-profile\public\index.php(67): CodeIgniter\CodeIgniter->run()
#10 C:\laragon\www\development\company-profile\system\Commands\Server\rewrite.php(47): require_once('C:\\laragon\\www\\...')
#11 {main}
CRITICAL - 2024-02-23 14:35:36 --> Unable to connect to the database.
Main connection [MySQLi]: No connection could be made because the target machine actively refused it
in SYSTEMPATH\Database\BaseConnection.php on line 427.
 1 SYSTEMPATH\Database\BaseConnection.php(574): CodeIgniter\Database\BaseConnection->initialize()
 2 SYSTEMPATH\Database\BaseBuilder.php(1616): CodeIgniter\Database\BaseConnection->query('SELECT *
FROM `category`', [], false)
 3 SYSTEMPATH\Model.php(237): CodeIgniter\Database\BaseBuilder->get()
 4 SYSTEMPATH\BaseModel.php(624): CodeIgniter\Model->doFindAll(0, 0)
 5 APPPATH\Modules\Product\Controllers\Product.php(21): CodeIgniter\BaseModel->findAll()
 6 SYSTEMPATH\CodeIgniter.php(932): App\Modules\Product\Controllers\Product->index()
 7 SYSTEMPATH\CodeIgniter.php(497): CodeIgniter\CodeIgniter->runController(Object(App\Modules\Product\Controllers\Product))
 8 SYSTEMPATH\CodeIgniter.php(366): CodeIgniter\CodeIgniter->handleRequest(null, Object(Config\Cache), false)
 9 FCPATH\index.php(67): CodeIgniter\CodeIgniter->run()
10 SYSTEMPATH\Commands\Server\rewrite.php(47): require_once('C:\\laragon\\www\\development\\company-profile\\public\\index.php')
